<?xml version="1.0" encoding="UTF-8"?>
<testng-results ignored="0" total="1" passed="1" failed="0" skipped="0">
  <reporter-output>
  </reporter-output>
  <suite started-at="2026-06-04T18:09:45 IST" name="Default suite" finished-at="2026-06-04T18:09:53 IST" duration-ms="7141">
    <groups>
    </groups>
    <test started-at="2026-06-04T18:09:45 IST" name="Default test" finished-at="2026-06-04T18:09:53 IST" duration-ms="7141">
      <class name="tests.TextBoxTest">
        <test-method is-config="true" signature="setup()[pri:0, instance:tests.TextBoxTest@31ea9581]" started-at="2026-06-04T18:09:46 IST" name="setup" finished-at="2026-06-04T18:09:50 IST" duration-ms="4819" status="PASS">
          <reporter-output>
          </reporter-output>
        </test-method> <!-- setup -->
        <test-method signature="verifyValidFormSubmission()[pri:0, instance:tests.TextBoxTest@31ea9581]" started-at="2026-06-04T18:09:50 IST" name="verifyValidFormSubmission" finished-at="2026-06-04T18:09:52 IST" duration-ms="1234" status="PASS">
          <reporter-output>
          </reporter-output>
        </test-method> <!-- verifyValidFormSubmission -->
        <test-method is-config="true" signature="tearDown()[pri:0, instance:tests.TextBoxTest@31ea9581]" started-at="2026-06-04T18:09:52 IST" name="tearDown" finished-at="2026-06-04T18:09:53 IST" duration-ms="999" status="PASS">
          <reporter-output>
          </reporter-output>
        </test-method> <!-- tearDown -->
      </class> <!-- tests.TextBoxTest -->
    </test> <!-- Default test -->
  </suite> <!-- Default suite -->
</testng-results>
